<?xml version="1.0" encoding="UTF-8"?>
<!-- Generated by org.testng.reporters.JUnitReportReporter -->
<testsuite hostname="SREEJU" failures="0" tests="1" name="testCases.login.Verify_login" time="5.675" errors="0" timestamp="2025-09-16T13:24:14 IST" skipped="0">
  <testcase classname="testCases.login.Verify_login" name="loginCheck" time="5.675"/>
</testsuite> <!-- testCases.login.Verify_login -->
