<?xml version="1.0" encoding="UTF-8"?>
<!-- Generated by org.testng.reporters.JUnitReportReporter -->
<testsuite hostname="SREEJU" failures="0" tests="1" name="testCases.Verify_login" time="5.693" errors="0" timestamp="2025-09-12T16:20:58 IST" skipped="0">
  <testcase classname="testCases.Verify_login" name="loginCheck" time="5.693"/>
</testsuite> <!-- testCases.Verify_login -->
