<?xml version="1.0" encoding="UTF-8"?>
<!-- Generated by org.testng.reporters.JUnitReportReporter -->
<testsuite hostname="SREEJU" failures="0" tests="1" name="testCases.Master.Verify_UnitPostiviteTest" time="21.480" errors="0" timestamp="2025-09-18T15:09:41 IST" skipped="0">
  <testcase classname="testCases.Master.Verify_UnitPostiviteTest" name="Verify_UnitMaster" time="21.480"/>
</testsuite> <!-- testCases.Master.Verify_UnitPostiviteTest -->
