<?xml version="1.0" encoding="UTF-8"?>
<!-- Generated by org.testng.reporters.JUnitReportReporter -->
<testsuite hostname="SREEJU" failures="0" tests="1" name="testCases.WorkAlottment.Verify_workalottment" time="18.490" errors="0" timestamp="2025-09-18T17:52:58 IST" skipped="0">
  <testcase classname="testCases.WorkAlottment.Verify_workalottment" name="verify_alottment" time="18.490"/>
</testsuite> <!-- testCases.WorkAlottment.Verify_workalottment -->
